<?xml version="1.0" encoding="UTF-8"?>
<!-- Generated by org.testng.reporters.JUnitReportReporter -->
<testsuite hostname="HP" name="mytheresaProject.mytheresaProject.AppTest" tests="1" failures="0" timestamp="9 Oct 2019 21:08:48 GMT" time="0.006" errors="0">
  <testcase name="testApp" time="0.006" classname="mytheresaProject.mytheresaProject.AppTest"/>
</testsuite> <!-- mytheresaProject.mytheresaProject.AppTest -->
