<?xml version="1.0" encoding="UTF-8"?>
<!-- Generated by org.testng.reporters.JUnitReportReporter -->
<testsuite hostname="HP" name="testRunner.TestRun" tests="1" failures="0" timestamp="9 Oct 2019 21:50:05 GMT" time="6.386" errors="0">
  <testcase name="feature" time="6.386" classname="testRunner.TestRun"/>
</testsuite> <!-- testRunner.TestRun -->
