<?xml version="1.0" encoding="UTF-8"?>
<!-- Generated by org.testng.reporters.JUnitReportReporter -->
<testsuite hostname="HP" name="testRunner.TestRunner" tests="1" failures="0" timestamp="24 Oct 2019 17:21:43 GMT" time="86.677" errors="0">
  <testcase name="feature" time="86.677" classname="testRunner.TestRunner"/>
</testsuite> <!-- testRunner.TestRunner -->
