<?xml version="1.0" encoding="UTF-8"?>
<!-- Generated by org.testng.reporters.JUnitReportReporter -->
<testsuite hostname="HP" name="stepDefinitions.sampleTest" tests="1" failures="0" timestamp="9 Oct 2019 20:09:05 GMT" time="5.123" errors="0">
  <testcase name="f" time="5.123" classname="stepDefinitions.sampleTest"/>
</testsuite> <!-- stepDefinitions.sampleTest -->
