<?xml version="1.0" encoding="UTF-8"?>
<!-- Generated by org.testng.reporters.JUnitReportReporter -->
<testsuite hostname="HP" name="testRunner.TestRunner" tests="1" failures="0" timestamp="10 Oct 2019 11:58:05 GMT" time="19.546" errors="0">
  <testcase name="feature" time="19.546" classname="testRunner.TestRunner"/>
</testsuite> <!-- testRunner.TestRunner -->
